<?xml version="1.0" encoding="UTF-8"?>
<!-- Generated by org.testng.reporters.JUnitXMLReporter -->
<testsuite ignored="0" hostname="LAPTOP-DNHNPR04" failures="0" tests="6" name="Linux_FirefoxTest" time="60.644" errors="0" timestamp="2024-09-05T13:26:41 IST">
  <testcase classname="testCases.TC001_AccountRegistrationTest" name="verify_account_registration" time="2.012"/>
  <testcase classname="testCases.TC002_LoginTest" name="verify_login" time="1.436"/>
  <testcase classname="testCases.TC003_LoginDDT" name="verify_LoginDDT" time="2.002"/>
  <testcase classname="testCases.TC003_LoginDDT" name="verify_LoginDDT" time="11.054"/>
  <testcase classname="testCases.TC003_LoginDDT" name="verify_LoginDDT" time="11.148"/>
  <testcase classname="testCases.TC003_LoginDDT" name="verify_LoginDDT" time="11.087"/>
</testsuite> <!-- Linux_FirefoxTest -->
