<?xml version="1.0" encoding="UTF-8"?>
<!-- Generated by org.testng.reporters.JUnitXMLReporter -->
<testsuite ignored="0" hostname="LAPTOP-DNHNPR04" failures="0" tests="6" name="Linux_EdgeTest" time="60.551" errors="0" timestamp="2024-09-05T13:25:39 IST">
  <testcase classname="testCases.TC001_AccountRegistrationTest" name="verify_account_registration" time="2.323"/>
  <testcase classname="testCases.TC002_LoginTest" name="verify_login" time="1.575"/>
  <testcase classname="testCases.TC003_LoginDDT" name="verify_LoginDDT" time="3.309"/>
  <testcase classname="testCases.TC003_LoginDDT" name="verify_LoginDDT" time="11.503"/>
  <testcase classname="testCases.TC003_LoginDDT" name="verify_LoginDDT" time="11.758"/>
  <testcase classname="testCases.TC003_LoginDDT" name="verify_LoginDDT" time="11.47"/>
</testsuite> <!-- Linux_EdgeTest -->
