<?xml version="1.0" encoding="UTF-8"?>
<!-- Generated by org.testng.reporters.JUnitXMLReporter -->
<testsuite ignored="2" hostname="LAPTOP-DNHNPR04" failures="0" tests="1" name="groupigTest" time="6.486" errors="0" timestamp="2024-08-30T16:20:40 IST">
  <testcase classname="testCases.TC002_LoginTest" name="verify_login" time="1.354"/>
  <testcase classname="testCases.TC003_LoginDDT" name="verify_LoginDDT" time="0.0">
    <ignored/>
  </testcase> <!-- verify_LoginDDT -->
  <testcase classname="testCases.TC001_AccountRegistrationTest" name="verify_account_registration" time="0.0">
    <ignored/>
  </testcase> <!-- verify_account_registration -->
</testsuite> <!-- groupigTest -->
