<?xml version="1.0" encoding="UTF-8"?>
<!-- Generated by org.testng.reporters.JUnitXMLReporter -->
<testsuite ignored="0" hostname="LAPTOP-DNHNPR04" failures="0" tests="6" name="ChromeTest" time="51.302" errors="0" timestamp="2024-09-03T16:48:51 IST">
  <testcase classname="testCases.TC001_AccountRegistrationTest" name="verify_account_registration" time="2.307"/>
  <testcase classname="testCases.TC002_LoginTest" name="verify_login" time="1.307"/>
  <testcase classname="testCases.TC003_LoginDDT" name="verify_LoginDDT" time="1.651"/>
  <testcase classname="testCases.TC003_LoginDDT" name="verify_LoginDDT" time="11.167"/>
  <testcase classname="testCases.TC003_LoginDDT" name="verify_LoginDDT" time="11.125"/>
  <testcase classname="testCases.TC003_LoginDDT" name="verify_LoginDDT" time="11.536"/>
</testsuite> <!-- ChromeTest -->
